<?xml version="1.0" encoding="UTF-8"?>
<testsuite xmlns:xsi="http://www.w3.org/2001/XMLSchema-instance" xsi:noNamespaceSchemaLocation="https://maven.apache.org/surefire/maven-surefire-plugin/xsd/surefire-test-report-3.0.xsd" version="3.0" name="br.edu.unijui.reuso.saude.AppTest" time="0.372" tests="2" errors="0" skipped="0" failures="0">
  <properties>
[...]
</properties>
  <testcase name="fluxoBasicoFuncionaENotifica" classname="br.edu.unijui.reuso.saude.AppTest" time="0.287">
    <system-out><![CDATA[Paciente{id='d6411380-9837-4daf-af4d-799b93b42a68', nome='Lori Machado Abacate da Silva', documento='000.111.666-33'}
Consulta{id='9bf230b0-19f4-4471-8da2-8617944baccb', pacienteId='d6411380-9837-4daf-af4d-799b93b42a68', dataHora=2025-09-23T18:16:47.145559700, especialidade='Clínico Geral'}
Laudo{consultaId='9bf230b0-19f4-4471-8da2-8617944baccb', emitidoEm=2025-09-22T18:16:47.147560, conteudo='Paciente em bom estado clínico.'}
]]></system-out>
  </testcase>
  <testcase name="agendamentoComConflitoDeveFalhar" classname="br.edu.unijui.reuso.saude.AppTest" time="0.014"/>
</testsuite>